<?xml version="1.0" encoding="UTF-8"?>
<!-- Generated by org.testng.reporters.JUnitReportReporter -->
<testsuite hostname="ip-172-31-45-52" failures="0" tests="1" name="testcases.LoginPageTest" time="7.299" errors="0" timestamp="2024-12-17T05:27:43 UTC" skipped="0">
  <testcase classname="testcases.LoginPageTest" name="TC02_VerifyLoginSucceful" time="7.299"/>
</testsuite> <!-- testcases.LoginPageTest -->
