<?xml version="1.0" encoding="UTF-8"?>
<!-- Generated by org.testng.reporters.JUnitReportReporter -->
<testsuite hostname="ip-172-31-45-52" failures="0" tests="1" name="testcases.AddToCartTest" time="20.761" errors="0" timestamp="2024-12-17T11:13:54 UTC" skipped="0">
  <testcase classname="testcases.AddToCartTest" name="TC05_multipleAddedToCart" time="20.761"/>
</testsuite> <!-- testcases.AddToCartTest -->
