<?xml version="1.0" encoding="UTF-8"?>
<!-- Generated by org.testng.reporters.JUnitReportReporter -->
<testsuite hostname="ip-172-31-45-52" failures="0" tests="1" name="testcases.AddToCartTest" time="15.514" errors="0" timestamp="2024-12-17T11:25:13 UTC" skipped="0">
  <testcase classname="testcases.AddToCartTest" name="TC04_AddToCart" time="15.514"/>
</testsuite> <!-- testcases.AddToCartTest -->
